<?xml version="1.0" encoding="utf-8"?><testsuites name="pytest tests"><testsuite name="pytest" errors="0" failures="0" skipped="0" tests="48" time="11.110" timestamp="2026-09-06T20:59:31.483482+00:00" hostname="agent-env-c6f2408a-2275-4277-bd59-f5a586d2397a"><testcase classname="tests.test_audit_tahap6_angka" name="test_cfg01_period_of_single_definition_wib[2026-08-31-2026-08]" time="0.000" /><testcase classname="tests.test_audit_tahap6_angka" name="test_cfg01_period_of_single_definition_wib[2026-08-31T18:00:00+00:00-2026-09]" time="0.000" /><testcase classname="tests.test_audit_tahap6_angka" name="test_cfg01_period_of_single_definition_wib[2026-08-31T16:59:59Z-2026-08]" time="0.000" /><testcase classname="tests.test_audit_tahap6_angka" name="test_cfg01_period_of_single_definition_wib[2026-08-31T23:00:00-2026-09]" time="0.000" /><testcase classname="tests.test_audit_tahap6_angka" name="test_cfg01_period_of_single_definition_wib[-None]" time="0.000" /><testcase classname="tests.test_audit_tahap6_angka" name="test_cfg01_period_of_single_definition_wib[None-None]" time="0.000" /><testcase classname="tests.test_audit_tahap6_angka" name="test_cfg01_period_of_single_definition_wib[ngawur-None]" time="0.000" /><testcase classname="tests.test_audit_tahap6_angka" name="test_cfg01_period_of_single_definition_wib[31/08/2026-None]" time="0.001" /><testcase classname="tests.test_audit_tahap6_angka" name="test_cfg01_no_second_period_of" time="0.117" /><testcase classname="tests.test_audit_tahap6_angka" name="test_bi02_win_rate_same_definition" time="0.000" /><testcase classname="tests.test_audit_tahap6_angka" name="test_bi01_min_source_sample_is_enforced" time="0.000" /><testcase classname="tests.test_audit_tahap12_tahapan" name="test_doc01_invoice_pdf_paid_per_item" time="0.783" /><testcase classname="tests.test_audit_tahap12_tahapan" name="test_wa02_reminder_candidates_skip_paid_items" time="0.263" /><testcase classname="tests.test_audit_tahap6_angka" name="test_fin02_home_cards_equal_drilldown" time="2.060" /><testcase classname="tests.test_audit_tahap12_tahapan" name="test_wa04_variables_mismatch_rejected" time="0.504" /><testcase classname="tests.test_audit_tahap12_tahapan" name="test_wa01_reminder_templates_distinct" time="0.070" /><testcase classname="tests.test_audit_tahap12_tahapan" name="test_phase_template_crud_and_apply" time="2.215" /><testcase classname="tests.test_audit_tahap6_angka" name="test_fin01_ar_summary_equals_drilldown" time="0.982" /><testcase classname="tests.test_audit_tahap6_angka" name="test_fin03_no_fake_dso" time="0.093" /><testcase classname="tests.test_audit_tahap6_angka" name="test_bi01_best_source_never_small_sample" time="0.067" /><testcase classname="tests.test_audit_tahap6_angka" name="test_prj01_units_progress_denominator_all_units" time="0.072" /><testcase classname="tests.test_iter5_doc_editor_backend" name="test_targets_registered_and_all_previewable" time="2.736" /><testcase classname="tests.test_audit_tahap12_tahapan" name="test_survey_stages_config_and_wizard" time="0.670" /><testcase classname="tests.test_doc_p66.TestScript" name="test_get_script_has_placeholders" time="0.512" /><testcase classname="tests.test_doc_p66.TestScript" name="test_preview_renders_draft_script" time="0.068" /><testcase classname="tests.test_doc_p66.TestScript" name="test_unknown_placeholder_rejected" time="0.106" /><testcase classname="tests.test_doc_p66.TestScript" name="test_save_and_persist_then_restore" time="0.447" /><testcase classname="tests.test_doc_p66.TestScript" name="test_sales_cannot_save_script" time="0.537" /><testcase classname="tests.test_iter5_doc_editor_backend" name="test_script_sanitize_and_unknown_placeholder" time="0.516" /><testcase classname="tests.test_doc_p66.TestScript" name="test_sales_can_read_script" time="0.075" /><testcase classname="tests.test_doc_p66.TestTableStyle" name="test_layout_has_table_defaults" time="0.079" /><testcase classname="tests.test_doc_p66.TestTableStyle" name="test_save_table_style_and_restore" time="0.325" /><testcase classname="tests.test_iter5_doc_editor_backend" name="test_table_validation_and_placeholders_render" time="0.245" /><testcase classname="tests.test_doc_p66.TestTableStyle" name="test_preview_hides_column_names" time="0.180" /><testcase classname="tests.test_doc_p66.TestTableStyle" name="test_invalid_grid_rejected" time="0.117" /><testcase classname="tests.test_doc_p66.TestTableStyle" name="test_table_preview_report_kind" time="0.296" /><testcase classname="tests.test_iter5_doc_editor_backend" name="test_sales_cannot_write_layout_script_or_preview" time="0.894" /><testcase classname="tests.test_audit_tahap5_doc_cfg_ui" name="test_doc02_invoice_has_own_layout_target" time="0.583" /><testcase classname="tests.test_iter5_doc_editor_backend" name="test_real_receipt_invoice_and_quotation_pdf" time="0.358" /><testcase classname="tests.test_audit_tahap5_doc_cfg_ui" name="test_cfg03_enum_settings_carry_ref_group_and_labels" time="0.075" /><testcase classname="tests.test_audit_tahap5_doc_cfg_ui" name="test_cfg04_reference_has_new_groups" time="0.099" /><testcase classname="tests.test_audit_tahap5_doc_cfg_ui" name="test_wa09_explicit_code_respected" time="0.180" /><testcase classname="tests.test_doc_p66.TestNoRegression" name="test_documents_pdf" time="0.688" /><testcase classname="tests.test_doc_p66.TestListTargets" name="test_list_layouts" time="0.713" /><testcase classname="tests.test_doc_p66.TestNoRegression" name="test_spk_pdf" time="0.152" /><testcase classname="tests.test_doc_p66.TestListTargets" name="test_unknown_code_404" time="0.080" /><testcase classname="tests.test_doc_p66.TestNoRegression" name="test_po_pdf" time="0.142" /><testcase classname="tests.test_doc_p66.TestCustomDocType" name="test_create_custom_then_cleanup" time="1.143" /></testsuite></testsuites>