<?xml version="1.0" encoding="utf-8"?><testsuites name="pytest tests"><testsuite name="pytest" errors="0" failures="0" skipped="0" tests="6" time="4.023" timestamp="2026-09-06T16:47:54.879183+00:00" hostname="agent-env-3d753df1-af4d-4d98-95d6-a34c0622b6e2"><testcase classname="tests.test_audit_tahap12_tahapan" name="test_doc01_invoice_pdf_paid_per_item" time="0.703" /><testcase classname="tests.test_audit_tahap12_tahapan" name="test_wa02_reminder_candidates_skip_paid_items" time="0.237" /><testcase classname="tests.test_audit_tahap12_tahapan" name="test_wa04_variables_mismatch_rejected" time="0.635" /><testcase classname="tests.test_audit_tahap12_tahapan" name="test_wa01_reminder_templates_distinct" time="0.087" /><testcase classname="tests.test_audit_tahap12_tahapan" name="test_phase_template_crud_and_apply" time="0.903" /><testcase classname="tests.test_audit_tahap12_tahapan" name="test_survey_stages_config_and_wizard" time="1.087" /></testsuite></testsuites>