<?xml version="1.0" encoding="utf-8"?><testsuites name="pytest tests"><testsuite name="pytest" errors="0" failures="0" skipped="0" tests="11" time="3.158" timestamp="2026-09-06T17:18:44.391695+00:00" hostname="agent-env-3d753df1-af4d-4d98-95d6-a34c0622b6e2"><testcase classname="tests.test_audit_tahap34b_wa_rbac" name="test_wa09_duplicate_name_409" time="0.780" /><testcase classname="tests.test_audit_tahap34b_wa_rbac" name="test_wa05_status_transitions" time="0.353" /><testcase classname="tests.test_audit_tahap34b_wa_rbac" name="test_wa07_promo_warning" time="0.248" /><testcase classname="tests.test_audit_tahap34b_wa_rbac" name="test_wa08_delete_referenced_reminder" time="0.180" /><testcase classname="tests.test_audit_tahap34b_wa_rbac" name="test_wa08_delete_welcome_referenced" time="0.170" /><testcase classname="tests.test_audit_tahap34b_wa_rbac" name="test_wa08_list_has_used_by_and_hints" time="0.091" /><testcase classname="tests.test_audit_tahap34b_wa_rbac" name="test_wa14_reminder_mapping_get" time="0.083" /><testcase classname="tests.test_audit_tahap34b_wa_rbac" name="test_wa14_put_mapping_unknown_code_400" time="0.082" /><testcase classname="tests.test_audit_tahap34b_wa_rbac" name="test_wa14_put_mapping_pending_template_400" time="0.330" /><testcase classname="tests.test_audit_tahap34b_wa_rbac" name="test_wa14_put_mapping_change_and_settings_reflect" time="0.344" /><testcase classname="tests.test_audit_tahap34b_wa_rbac" name="test_rbac02_action_meta" time="0.137" /></testsuite></testsuites>