<?xml version="1.0" encoding="utf-8"?><testsuites name="pytest tests"><testsuite name="pytest" errors="0" failures="0" skipped="0" tests="2" time="2.140" timestamp="2026-09-06T20:05:47.749059+00:00" hostname="agent-env-b9d95d0e-cab9-4540-aea8-7ee0383bca4e"><testcase classname="tests.test_iteration4_reference" name="test_reference_contains_wa_inbound_type_and_docgen_block" time="1.166" /><testcase classname="tests.test_iteration4_reference" name="test_reference_contains_key_dropdown_groups" time="0.519" /></testsuite></testsuites>