<?xml version="1.0" encoding="utf-8"?><testsuites name="pytest tests"><testsuite name="pytest" errors="0" failures="0" skipped="0" tests="5" time="5.880" timestamp="2026-09-07T17:45:23.964444+00:00" hostname="agent-env-0ff9bbec-837e-4d97-8515-5c28f70a7c01"><testcase classname="tests.test_dynamic_roles" name="test_builtin_roles_listed" time="0.628" /><testcase classname="tests.test_dynamic_roles" name="test_reject_bad_code_and_duplicate" time="0.425" /><testcase classname="tests.test_dynamic_roles" name="test_create_role_appears_everywhere" time="0.526" /><testcase classname="tests.test_dynamic_roles" name="test_assign_user_login_and_scope" time="1.997" /><testcase classname="tests.test_dynamic_roles" name="test_update_and_delete_role" time="1.933" /></testsuite></testsuites>