<?xml version="1.0" encoding="utf-8"?><testsuites name="pytest tests"><testsuite name="pytest" errors="0" failures="0" skipped="0" tests="6" time="4.366" timestamp="2026-09-08T06:54:07.347108+00:00" hostname="agent-env-6970853e-6fba-4575-84e5-fe74fc0d84a8"><testcase classname="tests.test_iter17_rab_marketing" name="test_rab_templates_unit_type_lists_has_schedule" time="1.666" /><testcase classname="tests.test_iter17_rab_marketing" name="test_rab_sync_check_lists_missing_steps" time="0.164" /><testcase classname="tests.test_iter17_rab_marketing" name="test_build_templates_filter_by_master_name" time="0.174" /><testcase classname="tests.test_iter17_rab_marketing" name="test_build_templates_filter_by_code" time="0.157" /><testcase classname="tests.test_iter17_rab_marketing" name="test_build_templates_negative_filter" time="0.174" /><testcase classname="tests.test_iter17_rab_marketing" name="test_project_marketing_office_crud" time="1.568" /></testsuite></testsuites>