<?xml version="1.0" encoding="utf-8"?><testsuites name="pytest tests"><testsuite name="pytest" errors="0" failures="0" skipped="0" tests="11" time="5.194" timestamp="2026-09-07T20:45:51.734342+00:00" hostname="agent-env-a0043922-ca76-42ec-be21-90c9dfc14402"><testcase classname="tests.test_iter13_ragjadwal_sync" name="test_rab_unit_templates_have_sync_flags" time="0.982" /><testcase classname="tests.test_iter13_ragjadwal_sync" name="test_rab_sync_check_tipe_36_72" time="0.184" /><testcase classname="tests.test_iter13_ragjadwal_sync" name="test_rab_sync_check_addon_not_found" time="0.167" /><testcase classname="tests.test_iter13_ragjadwal_sync" name="test_rab_put_returns_sync_field" time="0.362" /><testcase classname="tests.test_iter13_ragjadwal_sync" name="test_build_templates_list_has_rumah_9w" time="0.144" /><testcase classname="tests.test_iter13_ragjadwal_sync" name="test_build_template_detail_has_warning" time="0.347" /><testcase classname="tests.test_iter13_ragjadwal_sync" name="test_build_template_put_preserves_and_warns" time="0.538" /><testcase classname="tests.test_iter13_ragjadwal_sync" name="test_health" time="0.121" /><testcase classname="tests.test_iter13_ragjadwal_sync" name="test_ap_bill_flow" time="0.758" /><testcase classname="tests.test_iter13_ragjadwal_sync" name="test_doc_layout_invoice_bf" time="0.146" /><testcase classname="tests.test_iter13_ragjadwal_sync" name="test_build_template_clone_overlap_409" time="0.969" /></testsuite></testsuites>