<?xml version="1.0" encoding="utf-8"?><testsuites name="pytest tests"><testsuite name="pytest" errors="0" failures="1" skipped="0" tests="10" time="5.364" timestamp="2026-09-08T06:29:26.221228+00:00" hostname="agent-env-6970853e-6fba-4575-84e5-fe74fc0d84a8"><testcase classname="tests.test_iter16_delete_rbac.TestLeadDelete" name="test_a_positive_delete_flow" time="1.429" /><testcase classname="tests.test_iter16_delete_rbac.TestProjectUnitDelete" name="test_project_and_unit_lifecycle" time="2.306" /><testcase classname="tests.test_iter16_delete_rbac.TestLeadDelete" name="test_b_lead_with_deal_blocked" time="0.482" /><testcase classname="tests.test_iter16_delete_rbac.TestProjectUnitDelete" name="test_demo_project_blocked" time="0.479" /><testcase classname="tests.test_iter16_delete_rbac.TestLeadDelete" name="test_rbac_sales_cannot_delete_lead" time="0.901" /><testcase classname="tests.test_iter16_delete_rbac.TestCustomerDelete" name="test_customer_lifecycle" time="0.688" /><testcase classname="tests.test_iter16_delete_rbac.TestProjectUnitDelete" name="test_rbac_sales_cannot_delete_project" time="0.702" /><testcase classname="tests.test_iter16_delete_rbac.TestPermissionsMatrix" name="test_matrix_shows_delete_for_pm_and_sm" time="0.196"><failure message="AssertionError: Enforced RBAC matrix does not grant delete as required: projects/project_manager missing delete; units/project_manager missing delete; customers/sales_manager missing delete  matrix.projects.pm=['view_all', 'create', 'update']  matrix.units.pm=['view_all', 'update']  matrix.customers.sm=['view_all', 'create', 'update']&#10;assert not ['projects/project_manager missing delete', 'units/project_manager missing delete', 'customers/sales_manager missing delete']">backend/tests/test_iter16_delete_rbac.py:261: in test_matrix_shows_delete_for_pm_and_sm
    assert not problems, (
E   AssertionError: Enforced RBAC matrix does not grant delete as required: projects/project_manager missing delete; units/project_manager missing delete; customers/sales_manager missing delete  matrix.projects.pm=['view_all', 'create', 'update']  matrix.units.pm=['view_all', 'update']  matrix.customers.sm=['view_all', 'create', 'update']
E   assert not ['projects/project_manager missing delete', 'units/project_manager missing delete', 'customers/sales_manager missing delete']</failure></testcase><testcase classname="tests.test_iter16_delete_rbac.TestCustomerDelete" name="test_customer_with_deal_blocked" time="1.059" /><testcase classname="tests.test_iter16_delete_rbac.TestAppointmentLocation" name="test_appointment_stores_project_and_location" time="1.254" /></testsuite></testsuites>