<?xml version="1.0" encoding="utf-8"?><testsuites name="pytest tests"><testsuite name="pytest" errors="0" failures="0" skipped="0" tests="43" time="7.963" timestamp="2026-09-06T20:50:25.671404+00:00" hostname="agent-env-c6f2408a-2275-4277-bd59-f5a586d2397a"><testcase classname="tests.test_audit_tahap6_angka" name="test_cfg01_period_of_single_definition_wib[2026-08-31-2026-08]" time="0.000" /><testcase classname="tests.test_audit_tahap6_angka" name="test_cfg01_period_of_single_definition_wib[2026-08-31T18:00:00+00:00-2026-09]" time="0.000" /><testcase classname="tests.test_audit_tahap6_angka" name="test_cfg01_period_of_single_definition_wib[2026-08-31T16:59:59Z-2026-08]" time="0.000" /><testcase classname="tests.test_audit_tahap6_angka" name="test_cfg01_period_of_single_definition_wib[2026-08-31T23:00:00-2026-09]" time="0.000" /><testcase classname="tests.test_audit_tahap6_angka" name="test_cfg01_period_of_single_definition_wib[-None]" time="0.000" /><testcase classname="tests.test_audit_tahap6_angka" name="test_cfg01_period_of_single_definition_wib[None-None]" time="0.000" /><testcase classname="tests.test_audit_tahap6_angka" name="test_cfg01_period_of_single_definition_wib[ngawur-None]" time="0.000" /><testcase classname="tests.test_audit_tahap6_angka" name="test_cfg01_period_of_single_definition_wib[31/08/2026-None]" time="0.000" /><testcase classname="tests.test_audit_tahap6_angka" name="test_cfg01_no_second_period_of" time="0.105" /><testcase classname="tests.test_audit_tahap6_angka" name="test_bi02_win_rate_same_definition" time="0.000" /><testcase classname="tests.test_audit_tahap6_angka" name="test_bi01_min_source_sample_is_enforced" time="0.000" /><testcase classname="tests.test_audit_tahap12_tahapan" name="test_doc01_invoice_pdf_paid_per_item" time="1.118" /><testcase classname="tests.test_audit_tahap6_angka" name="test_fin02_home_cards_equal_drilldown" time="2.022" /><testcase classname="tests.test_audit_tahap12_tahapan" name="test_wa02_reminder_candidates_skip_paid_items" time="0.147" /><testcase classname="tests.test_audit_tahap12_tahapan" name="test_wa04_variables_mismatch_rejected" time="0.436" /><testcase classname="tests.test_audit_tahap12_tahapan" name="test_wa01_reminder_templates_distinct" time="0.066" /><testcase classname="tests.test_audit_tahap12_tahapan" name="test_phase_template_crud_and_apply" time="0.682" /><testcase classname="tests.test_audit_tahap6_angka" name="test_fin01_ar_summary_equals_drilldown" time="0.623" /><testcase classname="tests.test_audit_tahap12_tahapan" name="test_survey_stages_config_and_wizard" time="0.580" /><testcase classname="tests.test_audit_tahap6_angka" name="test_fin03_no_fake_dso" time="0.067" /><testcase classname="tests.test_audit_tahap6_angka" name="test_bi01_best_source_never_small_sample" time="0.083" /><testcase classname="tests.test_audit_tahap6_angka" name="test_prj01_units_progress_denominator_all_units" time="0.082" /><testcase classname="tests.test_doc_p66.TestTableStyle" name="test_layout_has_table_defaults" time="0.719" /><testcase classname="tests.test_doc_p66.TestScript" name="test_get_script_has_placeholders" time="0.688" /><testcase classname="tests.test_doc_p66.TestTableStyle" name="test_save_table_style_and_restore" time="0.335" /><testcase classname="tests.test_doc_p66.TestScript" name="test_preview_renders_draft_script" time="0.073" /><testcase classname="tests.test_doc_p66.TestScript" name="test_unknown_placeholder_rejected" time="0.069" /><testcase classname="tests.test_doc_p66.TestScript" name="test_save_and_persist_then_restore" time="0.448" /><testcase classname="tests.test_doc_p66.TestTableStyle" name="test_preview_hides_column_names" time="0.161" /><testcase classname="tests.test_doc_p66.TestTableStyle" name="test_invalid_grid_rejected" time="0.103" /><testcase classname="tests.test_doc_p66.TestTableStyle" name="test_table_preview_report_kind" time="0.070" /><testcase classname="tests.test_audit_tahap5_doc_cfg_ui" name="test_doc02_invoice_has_own_layout_target" time="0.695" /><testcase classname="tests.test_doc_p66.TestScript" name="test_sales_cannot_save_script" time="0.696" /><testcase classname="tests.test_doc_p66.TestScript" name="test_sales_can_read_script" time="0.069" /><testcase classname="tests.test_doc_p66.TestNoRegression" name="test_documents_pdf" time="0.142" /><testcase classname="tests.test_audit_tahap5_doc_cfg_ui" name="test_cfg03_enum_settings_carry_ref_group_and_labels" time="0.105" /><testcase classname="tests.test_audit_tahap5_doc_cfg_ui" name="test_cfg04_reference_has_new_groups" time="0.097" /><testcase classname="tests.test_doc_p66.TestNoRegression" name="test_spk_pdf" time="0.142" /><testcase classname="tests.test_audit_tahap5_doc_cfg_ui" name="test_wa09_explicit_code_respected" time="0.135" /><testcase classname="tests.test_doc_p66.TestNoRegression" name="test_po_pdf" time="0.148" /><testcase classname="tests.test_doc_p66.TestCustomDocType" name="test_create_custom_then_cleanup" time="1.259" /><testcase classname="tests.test_doc_p66.TestListTargets" name="test_list_layouts" time="0.485" /><testcase classname="tests.test_doc_p66.TestListTargets" name="test_unknown_code_404" time="0.067" /></testsuite></testsuites>