<?xml version="1.0" encoding="utf-8"?><testsuites name="pytest tests"><testsuite name="pytest" errors="0" failures="0" skipped="0" tests="11" time="6.997" timestamp="2026-09-08T05:42:59.031025+00:00" hostname="agent-env-6970853e-6fba-4575-84e5-fe74fc0d84a8"><testcase classname="tests.test_iter15_features.TestBuiltinRoleScope" name="test_get_roles_has_scope_fields" time="0.786" /><testcase classname="tests.test_iter15_features.TestStepsWithoutRab" name="test_list_has_steps_without_rab" time="0.800" /><testcase classname="tests.test_iter15_features.TestBuiltinRoleScope" name="test_update_scope_to_all" time="0.155" /><testcase classname="tests.test_iter15_features.TestStepsWithoutRab" name="test_sync_check_tipe_36_72" time="0.155" /><testcase classname="tests.test_iter15_features.TestBuiltinRoleScope" name="test_get_roles_shows_updated_scope" time="0.153" /><testcase classname="tests.test_iter15_features.TestStepsWithoutRab" name="test_add_rab_row_decrements_and_cleanup" time="0.811" /><testcase classname="tests.test_iter15_features.TestBuiltinRoleScope" name="test_update_label_rejected_for_builtin" time="0.150" /><testcase classname="tests.test_iter15_features.TestBuiltinRoleScope" name="test_update_full_access_role_rejected" time="0.150" /><testcase classname="tests.test_iter15_features.TestBuiltinRoleScope" name="test_invalid_scope_rejected" time="0.155" /><testcase classname="tests.test_iter15_features.TestBuiltinRoleScope" name="test_restore_default_scope" time="0.756" /><testcase classname="tests.test_iter15_features.TestScopeEnforcement" name="test_scope_enforcement_flow" time="4.888" /></testsuite></testsuites>