<?xml version="1.0" encoding="utf-8"?><testsuites name="pytest tests"><testsuite name="pytest" errors="0" failures="0" skipped="0" tests="5" time="4.417" timestamp="2026-09-10T05:20:04.142395+00:00" hostname="agent-env-b3e0f65b-01bf-4425-944f-379293139d60"><testcase classname="tests.test_iter24_datamgmt_full_checks" name="test_checks_contain_expected_codes" time="1.179" /><testcase classname="tests.test_iter24_datamgmt_full_checks" name="test_patch_restore_reduces_checks" time="0.403" /><testcase classname="tests.test_iter24_datamgmt_full_checks" name="test_report_xlsx_shape_and_reupload" time="0.802" /><testcase classname="tests.test_iter24_datamgmt_full_checks" name="test_session_without_ar_deal_contract_has_no_checks" time="0.566" /><testcase classname="tests.test_iter24_datamgmt_full_checks" name="test_report_xlsx_missing_session_404" time="0.698" /></testsuite></testsuites>