<?xml version="1.0" encoding="utf-8"?><testsuites name="pytest tests"><testsuite name="pytest" errors="0" failures="1" skipped="0" tests="9" time="3.949" timestamp="2026-09-08T05:18:52.064668+00:00" hostname="agent-env-6970853e-6fba-4575-84e5-fe74fc0d84a8"><testcase classname="tests.test_iter14_bugs" name="test_login" time="0.583" /><testcase classname="tests.test_iter14_bugs" name="test_templates_filter_by_unit_type_code" time="0.205"><failure message="AssertionError: expected RUMAH-9W in []&#10;assert 'RUMAH-9W' in []">backend/tests/test_iter14_bugs.py:33: in test_templates_filter_by_unit_type_code
    assert "RUMAH-9W" in codes, f"expected RUMAH-9W in {codes}"
E   AssertionError: expected RUMAH-9W in []
E   assert 'RUMAH-9W' in []</failure></testcase><testcase classname="tests.test_iter14_bugs" name="test_templates_filter_case_insensitive_name" time="0.157" /><testcase classname="tests.test_iter14_bugs" name="test_templates_filter_ruko" time="0.161" /><testcase classname="tests.test_iter14_bugs" name="test_reference_unit_type_includes_catalog" time="0.203" /><testcase classname="tests.test_iter14_bugs" name="test_unit_bundle_unscheduled_tipe_buildable" time="0.315" /><testcase classname="tests.test_iter14_bugs" name="test_unit_bundle_kavling_not_buildable" time="0.160" /><testcase classname="tests.test_iter14_bugs" name="test_create_schedule_auto_template" time="0.330" /><testcase classname="tests.test_iter14_bugs" name="test_custom_role_lifecycle" time="1.378" /></testsuite></testsuites>