<?xml version="1.0" encoding="utf-8"?><testsuites name="pytest tests"><testsuite name="pytest" errors="0" failures="0" skipped="0" tests="6" time="8.676" timestamp="2026-09-08T09:53:05.879702+00:00" hostname="agent-env-9b9bd0f5-e2c0-4e47-9460-070d87d0ceef"><testcase classname="tests.test_iter18_booking_allin.TestForceDelete" name="test_delete_check_and_force_delete" time="4.825" /><testcase classname="tests.test_iter18_booking_allin.TestForceDelete" name="test_delete_receipt" time="2.896" /><testcase classname="tests.test_iter18_booking_allin.TestFullFlow" name="test_reserve_pricing_and_breakdown" time="5.010" /><testcase classname="tests.test_iter18_booking_allin.TestFullFlow" name="test_ar_list_columns" time="0.168" /><testcase classname="tests.test_iter18_booking_allin.TestFullFlow" name="test_convert_and_contract_breakdown" time="2.098" /><testcase classname="tests.test_iter18_booking_allin.TestSimulate" name="test_simulate_all_in_promo" time="0.598" /></testsuite></testsuites>