<?xml version="1.0" encoding="utf-8"?><testsuites name="pytest tests"><testsuite name="pytest" errors="0" failures="0" skipped="0" tests="7" time="6.705" timestamp="2026-09-10T12:38:48.518641+00:00" hostname="agent-env-454e77c2-7d33-41f6-994e-eadbf5a4d084"><testcase classname="tests.test_kpr_iter27.TestImportPreview" name="test_dry_run_then_commit" time="1.395" /><testcase classname="tests.test_kpr_iter27.TestImportPreview" name="test_sales_forbidden_on_dry_run" time="0.522" /><testcase classname="tests.test_kpr_iter27.TestAmendTerms" name="test_full_flow" time="2.291" /><testcase classname="tests.test_kpr_iter27.TestPortalKpr" name="test_portal_kpr_with_sp3k" time="0.662" /><testcase classname="tests.test_kpr_iter27.TestPortalKpr" name="test_portal_kpr_no_sp3k" time="1.105" /><testcase classname="tests.test_kpr_iter27.TestScheduleEngine" name="test_yearly_schedule_mixed" time="0.001" /><testcase classname="tests.test_kpr_iter27.TestScheduleEngine" name="test_yearly_schedule_zero_rate" time="0.526" /></testsuite></testsuites>