<?xml version="1.0" encoding="utf-8"?><testsuites name="pytest tests"><testsuite name="pytest" errors="0" failures="0" skipped="0" tests="13" time="7.442" timestamp="2026-09-10T04:50:01.466230+00:00" hostname="agent-env-b3e0f65b-01bf-4425-944f-379293139d60"><testcase classname="tests.test_iter23_datamgmt_full" name="test_collections_ok" time="0.640" /><testcase classname="tests.test_iter23_datamgmt_full" name="test_collections_forbidden_for_sales" time="0.480" /><testcase classname="tests.test_iter23_datamgmt_full" name="test_export_selected" time="0.272" /><testcase classname="tests.test_iter23_datamgmt_full" name="test_export_unknown_collection_400" time="0.173" /><testcase classname="tests.test_iter23_datamgmt_full" name="test_session_report_shape" time="0.534" /><testcase classname="tests.test_iter23_datamgmt_full" name="test_customers_issues_and_suggestions" time="0.143" /><testcase classname="tests.test_iter23_datamgmt_full" name="test_units_issues" time="0.144" /><testcase classname="tests.test_iter23_datamgmt_full" name="test_apply_suggestions_removes_errors" time="0.575" /><testcase classname="tests.test_iter23_datamgmt_full" name="test_commit_bad_confirm_400" time="0.121" /><testcase classname="tests.test_iter23_datamgmt_full" name="test_commit_update_persists" time="1.156" /><testcase classname="tests.test_iter23_datamgmt_full" name="test_snapshot_listed" time="0.149" /><testcase classname="tests.test_iter23_datamgmt_full" name="test_commit_replace_workers_deletes_missing" time="0.661" /><testcase classname="tests.test_iter23_datamgmt_full" name="test_delete_rows_and_session" time="1.607" /></testsuite></testsuites>