<?xml version="1.0" encoding="utf-8"?><testsuites name="pytest tests"><testsuite name="pytest" errors="0" failures="0" skipped="0" tests="12" time="2.989" timestamp="2026-09-07T19:48:57.382410+00:00" hostname="agent-env-3bc4b977-9296-4eae-a58d-8ca837a4a12b"><testcase classname="tests.test_iter12_sync.TestInvoiceBF" name="test_layout_get" time="0.718" /><testcase classname="tests.test_iter12_sync.TestInvoiceBF" name="test_layout_in_list" time="0.075" /><testcase classname="tests.test_iter12_sync.TestARAllocations" name="test_get_ar" time="0.972" /><testcase classname="tests.test_iter12_sync.TestInvoiceBF" name="test_bf_invoice_pdf" time="0.114" /><testcase classname="tests.test_iter12_sync.TestPhaseSync" name="test_first_project_synced_phase" time="0.193" /><testcase classname="tests.test_iter12_sync.TestARAllocations" name="test_allocate_to_termin_ii" time="0.263" /><testcase classname="tests.test_iter12_sync.TestPhaseSync" name="test_manual_progress_on_synced_rejected" time="0.274" /><testcase classname="tests.test_iter12_sync.TestARAllocations" name="test_overalloc_rejected" time="0.212" /><testcase classname="tests.test_iter12_sync.TestPhaseSync" name="test_create_and_delete_phase" time="0.331" /><testcase classname="tests.test_iter12_sync.TestBuildTemplateOverlap" name="test_clone_overlap_rejected" time="0.174" /><testcase classname="tests.test_iter12_sync.TestBuildTemplateOverlap" name="test_clone_no_overlap_ok_then_delete" time="0.880" /><testcase classname="tests.test_iter12_sync.TestFinancingDisburse" name="test_disburse_books_to_ar" time="0.905" /></testsuite></testsuites>