<?xml version="1.0" encoding="utf-8"?><testsuites name="pytest tests"><testsuite name="pytest" errors="0" failures="0" skipped="0" tests="7" time="10.733" timestamp="2026-09-07T18:06:47.795119+00:00" hostname="agent-env-0ff9bbec-837e-4d97-8515-5c28f70a7c01"><testcase classname="tests.test_dynamic_roles" name="test_builtin_roles_listed" time="0.662" /><testcase classname="tests.test_dynamic_roles" name="test_reject_bad_code_and_duplicate" time="0.463" /><testcase classname="tests.test_dynamic_roles" name="test_create_role_appears_everywhere" time="0.605" /><testcase classname="tests.test_dynamic_roles" name="test_assign_user_login_and_scope" time="2.609" /><testcase classname="tests.test_dynamic_roles" name="test_copy_role_carries_effective_perms" time="0.818" /><testcase classname="tests.test_dynamic_roles" name="test_has_role_follows_parent_for_literal_branches" time="2.876" /><testcase classname="tests.test_dynamic_roles" name="test_update_and_delete_role" time="2.302" /></testsuite></testsuites>