<?xml version="1.0" encoding="utf-8"?><testsuites name="pytest tests"><testsuite name="pytest" errors="0" failures="1" skipped="0" tests="5" time="4.812" timestamp="2026-09-06T20:51:51.248123+00:00" hostname="agent-env-c6f2408a-2275-4277-bd59-f5a586d2397a"><testcase classname="tests.test_iter5_doc_editor_backend" name="test_targets_registered_and_all_previewable" time="2.496"><failure message="AssertionError: assert 23 &gt;= 24&#10; +  where 23 = len([{'code': '__default__', 'label': 'Bawaan seluruh dokumen (identitas &amp; gaya)', 'kind': 'letter', 'custom': False, ...}, {'code': 'SPR', 'label': 'Surat Pemesanan Rumah (SPR)', 'kind': 'letter', 'custom': False, ...}, {'code': 'SPR_CASH', 'label': 'Surat Pesanan Rumah — Cash Keras', 'kind': 'letter', 'custom': False, ...}, {'code': 'SPR_CASH_STAGED', 'label': 'Surat Pesanan Rumah — Cash Bertahap', 'kind': 'letter', 'custom': False, ...}, {'code': 'SPR_KPR', 'label': 'Surat Pesanan Rumah — KPR', 'kind': 'letter', 'custom': False, ...}, {'code': 'PPJB', 'label': 'Perjanjian Pengikatan Jual Beli (PPJB)', 'kind': 'letter', 'custom': False, ...}, ...])">backend/tests/test_iter5_doc_editor_backend.py:56: in test_targets_registered_and_all_previewable
    assert len(rows) &gt;= 24
E   AssertionError: assert 23 &gt;= 24
E    +  where 23 = len([{'code': '__default__', 'label': 'Bawaan seluruh dokumen (identitas &amp; gaya)', 'kind': 'letter', 'custom': False, ...}, {'code': 'SPR', 'label': 'Surat Pemesanan Rumah (SPR)', 'kind': 'letter', 'custom': False, ...}, {'code': 'SPR_CASH', 'label': 'Surat Pesanan Rumah — Cash Keras', 'kind': 'letter', 'custom': False, ...}, {'code': 'SPR_CASH_STAGED', 'label': 'Surat Pesanan Rumah — Cash Bertahap', 'kind': 'letter', 'custom': False, ...}, {'code': 'SPR_KPR', 'label': 'Surat Pesanan Rumah — KPR', 'kind': 'letter', 'custom': False, ...}, {'code': 'PPJB', 'label': 'Perjanjian Pengikatan Jual Beli (PPJB)', 'kind': 'letter', 'custom': False, ...}, ...])</failure></testcase><testcase classname="tests.test_iter5_doc_editor_backend" name="test_script_sanitize_and_unknown_placeholder" time="0.414" /><testcase classname="tests.test_iter5_doc_editor_backend" name="test_table_validation_and_placeholders_render" time="0.230" /><testcase classname="tests.test_iter5_doc_editor_backend" name="test_sales_cannot_write_layout_script_or_preview" time="0.633" /><testcase classname="tests.test_iter5_doc_editor_backend" name="test_real_receipt_invoice_and_quotation_pdf" time="0.389" /></testsuite></testsuites>