<?xml version="1.0" encoding="utf-8"?><testsuites name="pytest tests"><testsuite name="pytest" errors="0" failures="0" skipped="0" tests="7" time="11.251" timestamp="2026-09-09T20:22:31.901459+00:00" hostname="agent-env-a6253b5a-450d-41a7-879e-e6ee6379afcb"><testcase classname="tests.test_iter21_spr_compare" name="test_legacy_spr_closed" time="2.347" /><testcase classname="tests.test_iter21_spr_compare" name="test_compare_without_contract" time="0.174" /><testcase classname="tests.test_iter21_spr_compare" name="test_official_spr_then_compare" time="1.034" /><testcase classname="tests.test_iter21_spr_compare" name="test_scheme_change_makes_mismatch_and_blocks_sign" time="2.124" /><testcase classname="tests.test_iter21_spr_compare" name="test_addendum_auto_after_signed_spr" time="2.683" /><testcase classname="tests.test_iter21_spr_compare" name="test_addendum_draft_removed_when_numbers_revert" time="1.322" /><testcase classname="tests.test_iter21_spr_compare" name="test_cleanup_scheme" time="0.921" /></testsuite></testsuites>