<?xml version="1.0" encoding="utf-8"?><testsuites name="pytest tests"><testsuite name="pytest" errors="0" failures="0" skipped="0" tests="41" time="5.239" timestamp="2026-09-06T18:13:25.454612+00:00" hostname="agent-env-368582fc-f492-4111-b863-a359c2ab77dc"><testcase classname="tests.test_audit_tahap34_template_rbac" name="test_wa09_duplicate_code_rejected_409" time="0.555" /><testcase classname="tests.test_audit_tahap34b_wa_rbac" name="test_wa09_duplicate_name_409" time="0.555" /><testcase classname="tests.test_audit_tahap34b_wa_rbac" name="test_wa05_status_transitions" time="0.185" /><testcase classname="tests.test_audit_tahap34_template_rbac" name="test_wa05_status_approved_cannot_be_set_by_hand" time="0.185" /><testcase classname="tests.test_audit_tahap34_template_rbac" name="test_wa07_category_hint_is_warning_not_block" time="0.095" /><testcase classname="tests.test_audit_tahap34b_wa_rbac" name="test_wa07_promo_warning" time="0.141" /><testcase classname="tests.test_audit_tahap34_template_rbac" name="test_wa08_template_in_use_cannot_be_deleted" time="0.094" /><testcase classname="tests.test_audit_tahap34b_wa_rbac" name="test_wa08_delete_referenced_reminder" time="0.094" /><testcase classname="tests.test_audit_tahap34_template_rbac" name="test_wa14_reminder_mapping_roundtrip" time="0.232" /><testcase classname="tests.test_audit_tahap34b_wa_rbac" name="test_wa08_delete_welcome_referenced" time="0.092" /><testcase classname="tests.test_audit_tahap34b_wa_rbac" name="test_wa08_list_has_used_by_and_hints" time="0.049" /><testcase classname="tests.test_audit_tahap34b_wa_rbac" name="test_wa14_reminder_mapping_get" time="0.044" /><testcase classname="tests.test_audit_tahap34_template_rbac" name="test_wa06_frozen_after_meta_approved" time="0.231" /><testcase classname="tests.test_audit_tahap34b_wa_rbac" name="test_wa14_put_mapping_unknown_code_400" time="0.045" /><testcase classname="tests.test_audit_tahap34b_wa_rbac" name="test_wa14_put_mapping_pending_template_400" time="0.182" /><testcase classname="tests.test_audit_tahap34b_wa_rbac" name="test_wa14_put_mapping_change_and_settings_reflect" time="0.387" /><testcase classname="tests.test_audit_tahap34_template_rbac" name="test_rbac02_action_meta_served" time="0.019" /><testcase classname="tests.test_audit_tahap5_doc_cfg_ui" name="test_doc02_invoice_has_own_layout_target" time="0.284" /><testcase classname="tests.test_audit_tahap5_doc_cfg_ui" name="test_cfg03_enum_settings_carry_ref_group_and_labels" time="0.010" /><testcase classname="tests.test_audit_tahap5_doc_cfg_ui" name="test_cfg04_reference_has_new_groups" time="0.023" /><testcase classname="tests.test_audit_tahap5_doc_cfg_ui" name="test_wa09_explicit_code_respected" time="0.108" /><testcase classname="tests.test_audit_tahap34b_wa_rbac" name="test_rbac02_action_meta" time="0.027" /><testcase classname="tests.test_p99_iter144.TestRBAC" name="test_manager_has_pricing_approve" time="0.458" /><testcase classname="tests.test_iteration3_audit.TestDoc02Invoice" name="test_invoice_in_doc_layouts" time="0.425" /><testcase classname="tests.test_iteration3_audit.TestDoc02Invoice" name="test_invoice_get" time="0.269" /><testcase classname="tests.test_p99_iter144.TestRBAC" name="test_sales_no_pricing_approve" time="0.233" /><testcase classname="tests.test_p99_iter144.TestRBAC" name="test_finlead_finance_manage" time="0.238" /><testcase classname="tests.test_iteration3_audit.TestDoc02Invoice" name="test_invoice_preview_pdf" time="0.240" /><testcase classname="tests.test_iteration3_audit.TestWA09ExplicitCode" name="test_explicit_code_honored_and_duplicate_rejected" time="0.543" /><testcase classname="tests.test_p99_iter144.TestTemplatesDocument" name="test_document_delivery_seeded" time="0.463" /><testcase classname="tests.test_p99_iter144.TestTemplatesDocument" name="test_crud_header_type" time="0.520" /><testcase classname="tests.test_iteration3_audit.TestWA09ExplicitCode" name="test_no_code_derives_from_name" time="0.094" /><testcase classname="tests.test_iteration3_audit.TestCfgEnumRegistry" name="test_all_enum_settings_have_ref_group_and_labels" time="0.011" /><testcase classname="tests.test_iteration3_audit.TestCfgEnumRegistry" name="test_specific_labels" time="0.010" /><testcase classname="tests.test_p99_iter144.TestReference" name="test_reference_groups" time="0.250" /><testcase classname="tests.test_p99_iter144.TestDocHistoryWa" name="test_route_and_send" time="0.689" /><testcase classname="tests.test_iteration3_audit.TestSettingsPut" name="test_docnum_reset_policy" time="0.375" /><testcase classname="tests.test_iteration3_audit.TestSettingsPut" name="test_docnum_scope" time="0.102" /><testcase classname="tests.test_iteration3_audit.TestLegalDeletionRequests" name="test_deletion_request_patch_status" time="0.138" /><testcase classname="tests.test_p99_iter144.TestSmartSuggestions" name="test_suggestions" time="0.243" /><testcase classname="tests.test_iteration3_audit.TestReferenceGroups" name="test_registry_new_groups" time="0.248" /></testsuite></testsuites>