<?xml version="1.0" encoding="utf-8"?><testsuites name="pytest tests"><testsuite name="pytest" errors="0" failures="0" skipped="0" tests="10" time="4.801" timestamp="2026-09-10T12:17:32.553103+00:00" hostname="agent-env-454e77c2-7d33-41f6-994e-eadbf5a4d084"><testcase classname="tests.test_kpr_iter26.TestTemplate" name="test_download_template_super" time="0.939" /><testcase classname="tests.test_kpr_iter26.TestImport" name="test_import_template_roundtrip" time="1.361" /><testcase classname="tests.test_kpr_iter26.TestTemplate" name="test_download_template_sales_ok" time="0.578" /><testcase classname="tests.test_kpr_iter26.TestImport" name="test_import_custom_mix" time="0.860" /><testcase classname="tests.test_kpr_iter26.TestRegression" name="test_list_still_works" time="0.150" /><testcase classname="tests.test_kpr_iter26.TestRegression" name="test_duplicate_post_409" time="0.186" /><testcase classname="tests.test_kpr_iter26.TestSp3kAndDocgen" name="test_sp3k_record_updates_application" time="1.067" /><testcase classname="tests.test_kpr_iter26.TestImport" name="test_import_rejects_non_xlsx" time="0.160" /><testcase classname="tests.test_kpr_iter26.TestImport" name="test_sales_cannot_import" time="1.200" /><testcase classname="tests.test_kpr_iter26.TestSp3kAndDocgen" name="test_docgen_tokens_kpr_terms" time="0.820" /></testsuite></testsuites>