<?xml version="1.0" encoding="utf-8"?><testsuites name="pytest tests"><testsuite name="pytest" errors="0" failures="0" skipped="0" tests="15" time="7.251" timestamp="2026-09-07T17:20:46.909205+00:00" hostname="agent-env-0ff9bbec-837e-4d97-8515-5c28f70a7c01"><testcase classname="tests.test_iteration6_sipro" name="test_health_ok_with_events_pending" time="0.181" /><testcase classname="tests.test_iteration6_sipro" name="test_login_all_seed_accounts[superadmin@sipro.co.id]" time="0.366" /><testcase classname="tests.test_iteration6_sipro" name="test_login_all_seed_accounts[owner@sipro.co.id]" time="0.353" /><testcase classname="tests.test_iteration6_sipro" name="test_login_all_seed_accounts[manager@sipro.co.id]" time="0.395" /><testcase classname="tests.test_iteration6_sipro" name="test_login_all_seed_accounts[marketing@sipro.co.id]" time="0.366" /><testcase classname="tests.test_iteration6_sipro" name="test_login_all_seed_accounts[sales@sipro.co.id]" time="0.368" /><testcase classname="tests.test_iteration6_sipro" name="test_login_all_seed_accounts[sales2@sipro.co.id]" time="0.362" /><testcase classname="tests.test_iteration6_sipro" name="test_login_all_seed_accounts[finance@sipro.co.id]" time="0.360" /><testcase classname="tests.test_iteration6_sipro" name="test_login_all_seed_accounts[finlead@sipro.co.id]" time="0.379" /><testcase classname="tests.test_iteration6_sipro" name="test_login_all_seed_accounts[pm@sipro.co.id]" time="0.360" /><testcase classname="tests.test_iteration6_sipro" name="test_login_all_seed_accounts[site@sipro.co.id]" time="0.378" /><testcase classname="tests.test_iteration6_sipro" name="test_login_all_seed_accounts[dmlead@sipro.co.id]" time="0.365" /><testcase classname="tests.test_iteration6_sipro" name="test_login_all_seed_accounts[dm@sipro.co.id]" time="0.362" /><testcase classname="tests.test_iteration6_sipro" name="test_trial_balance_superadmin" time="0.525" /><testcase classname="tests.test_iteration6_sipro" name="test_cancellations_preview_manager_and_list_finance" time="1.760" /></testsuite></testsuites>