<?xml version="1.0" encoding="utf-8"?><testsuites name="pytest tests"><testsuite name="pytest" errors="0" failures="0" skipped="1" tests="15" time="4.847" timestamp="2026-09-10T11:55:30.135370+00:00" hostname="agent-env-454e77c2-7d33-41f6-994e-eadbf5a4d084"><testcase classname="tests.test_kpr_products.TestKprProductsRBAC" name="test_sales_can_get" time="0.895" /><testcase classname="tests.test_kpr_products.TestKprProductsCRUD" name="test_create" time="0.886" /><testcase classname="tests.test_kpr_products.TestKprProductsCRUD" name="test_duplicate_conflict" time="0.183" /><testcase classname="tests.test_kpr_products.TestKprProductsRBAC" name="test_sales_cannot_create" time="0.133" /><testcase classname="tests.test_kpr_products.TestKprProductsCRUD" name="test_validation_empty_tenors" time="0.330" /><testcase classname="tests.test_kpr_products.TestKprProductsCRUD" name="test_list_by_bank" time="0.149" /><testcase classname="tests.test_kpr_products.TestKprProductsCRUD" name="test_update" time="0.216" /><testcase classname="tests.test_kpr_products.TestKprProductsRBAC" name="test_sales_cannot_update" time="0.706" /><testcase classname="tests.test_kpr_products.TestKprProductsRBAC" name="test_sales_cannot_delete" time="0.125" /><testcase classname="tests.test_kpr_products.TestKprProductsCRUD" name="test_update_name_collision" time="0.548" /><testcase classname="tests.test_kpr_products.TestFinancingUsesProduct" name="test_financing_accepts_product_fields" time="0.567"><skipped type="pytest.skip" message="financing create failed for unrelated reason: 400 {&quot;detail&quot;:&quot;plafon: Field required&quot;}">/app/backend/tests/test_kpr_products.py:220: financing create failed for unrelated reason: 400 {"detail":"plafon: Field required"}</skipped></testcase><testcase classname="tests.test_kpr_products.TestKprProductsCRUD" name="test_archive_and_include_inactive" time="0.620" /><testcase classname="tests.test_kpr_products.TestSp3kAcceptsProductFields" name="test_sp3k_not_422_on_new_fields" time="0.931" /><testcase classname="tests.test_kpr_products.TestKprProductsCRUD" name="test_update_unknown_404" time="0.265" /><testcase classname="tests.test_kpr_products.TestKprProductsCRUD" name="test_delete_unknown_404" time="1.187" /></testsuite></testsuites>