<?xml version="1.0" encoding="utf-8"?><testsuites name="pytest tests"><testsuite name="pytest" errors="0" failures="0" skipped="0" tests="4" time="36.979" timestamp="2026-09-08T15:00:36.384914+00:00" hostname="agent-env-f217aa41-f236-4abe-81c4-422b66395cf0"><testcase classname="tests.test_spr_single_source" name="test_spr_identik_dengan_ar_dan_breakdown[cash_keras]" time="12.888" /><testcase classname="tests.test_spr_single_source" name="test_spr_identik_dengan_ar_dan_breakdown[cash_bertahap]" time="8.249" /><testcase classname="tests.test_spr_single_source" name="test_spr_identik_dengan_ar_dan_breakdown[kpr]" time="8.842" /><testcase classname="tests.test_spr_single_source" name="test_konversi_menolak_jenis_berbeda_dari_skema_yang_dipilih" time="6.973" /></testsuite></testsuites>